2018-04-23 15:56:23.259  INFO 2512 --- [restartedMain] c.p.peppamovies.PeppamoviesApplication   : Starting PeppamoviesApplication on LiNdSeY with PID 2512 (C:\Users\linds\Desktop\peppamoviesMav\target\classes started by linds in C:\Users\linds\Desktop\peppamoviesMav)
2018-04-23 15:56:23.266 DEBUG 2512 --- [restartedMain] c.p.peppamovies.PeppamoviesApplication   : Running with Spring Boot v2.0.0.RELEASE, Spring v5.0.4.RELEASE
2018-04-23 15:56:23.300  INFO 2512 --- [restartedMain] c.p.peppamovies.PeppamoviesApplication   : The following profiles are active: dev
2018-04-23 15:56:23.348  INFO 2512 --- [restartedMain] ConfigServletWebServerApplicationContext : Refreshing org.springframework.boot.web.servlet.context.AnnotationConfigServletWebServerApplicationContext@47c4566b: startup date [Mon Apr 23 15:56:23 EDT 2018]; root of context hierarchy
2018-04-23 15:56:25.227  INFO 2512 --- [restartedMain] trationDelegate$BeanPostProcessorChecker : Bean 'org.springframework.transaction.annotation.ProxyTransactionManagementConfiguration' of type [org.springframework.transaction.annotation.ProxyTransactionManagementConfiguration$$EnhancerBySpringCGLIB$$cf0ce60a] is not eligible for getting processed by all BeanPostProcessors (for example: not eligible for auto-proxying)
2018-04-23 15:56:25.767  INFO 2512 --- [restartedMain] o.s.b.w.embedded.tomcat.TomcatWebServer  : Tomcat initialized with port(s): 8080 (http)
2018-04-23 15:56:25.796  INFO 2512 --- [restartedMain] o.apache.catalina.core.StandardService   : Starting service [Tomcat]
2018-04-23 15:56:25.797  INFO 2512 --- [restartedMain] org.apache.catalina.core.StandardEngine  : Starting Servlet Engine: Apache Tomcat/8.5.28
2018-04-23 15:56:25.800  INFO 2512 --- [localhost-startStop-1] o.a.catalina.core.AprLifecycleListener   : The APR based Apache Tomcat Native library which allows optimal performance in production environments was not found on the java.library.path: [C:\Users\linds\Documents\jdk1.8.0_151\bin;C:\Windows\Sun\Java\bin;C:\Windows\system32;C:\Windows;C:\Perl64\site\bin;C:\Perl64\bin;C:\Program Files (x86)\Intel\iCLS Client\;C:\ProgramData\Oracle\Java\javapath;C:\Program Files\Intel\iCLS Client\;C:\Windows\system32;C:\Windows;C:\Windows\System32\Wbem;C:\Windows\System32\WindowsPowerShell\v1.0\;C:\Program Files (x86)\Intel\Intel(R) Management Engine Components\DAL;C:\Program Files\Intel\Intel(R) Management Engine Components\DAL;C:\Program Files (x86)\Intel\Intel(R) Management Engine Components\IPT;C:\Program Files\Intel\Intel(R) Management Engine Components\IPT;C:\Program Files (x86)\PharosSystems\Core;C:\Program Files (x86)\SMLNJ\bin\;C:\Program Files\Intel\WiFi\bin\;C:\Program Files\Common Files\Intel\WirelessCommon\;C:\Program Files\MATLAB\R2017b\bin;C:\Program Files\PuTTY\;C:\Program Files\Git\cmd;C:\Program Files (x86)\XSB\config\x86-pc-windows\bin;C:\Program Files\Microsoft VS Code\bin;.]
2018-04-23 15:56:25.901  INFO 2512 --- [localhost-startStop-1] o.a.c.c.C.[Tomcat].[localhost].[/]       : Initializing Spring embedded WebApplicationContext
2018-04-23 15:56:25.901  INFO 2512 --- [localhost-startStop-1] o.s.web.context.ContextLoader            : Root WebApplicationContext: initialization completed in 2553 ms
2018-04-23 15:56:26.020  INFO 2512 --- [localhost-startStop-1] o.s.b.w.servlet.ServletRegistrationBean  : Servlet dispatcherServlet mapped to [/]
2018-04-23 15:56:26.024  INFO 2512 --- [localhost-startStop-1] o.s.b.w.servlet.FilterRegistrationBean   : Mapping filter: 'characterEncodingFilter' to: [/*]
2018-04-23 15:56:26.025  INFO 2512 --- [localhost-startStop-1] o.s.b.w.servlet.FilterRegistrationBean   : Mapping filter: 'hiddenHttpMethodFilter' to: [/*]
2018-04-23 15:56:26.026  INFO 2512 --- [localhost-startStop-1] o.s.b.w.servlet.FilterRegistrationBean   : Mapping filter: 'httpPutFormContentFilter' to: [/*]
2018-04-23 15:56:26.026  INFO 2512 --- [localhost-startStop-1] o.s.b.w.servlet.FilterRegistrationBean   : Mapping filter: 'requestContextFilter' to: [/*]
2018-04-23 15:56:26.304  INFO 2512 --- [restartedMain] com.zaxxer.hikari.HikariDataSource       : HikariPool-1 - Starting...
2018-04-23 15:56:26.583  INFO 2512 --- [restartedMain] com.zaxxer.hikari.HikariDataSource       : HikariPool-1 - Start completed.
2018-04-23 15:56:26.644  INFO 2512 --- [restartedMain] j.LocalContainerEntityManagerFactoryBean : Building JPA container EntityManagerFactory for persistence unit 'default'
2018-04-23 15:56:26.658  INFO 2512 --- [restartedMain] o.hibernate.jpa.internal.util.LogHelper  : HHH000204: Processing PersistenceUnitInfo [
	name: default
	...]
2018-04-23 15:56:26.782  INFO 2512 --- [restartedMain] org.hibernate.Version                    : HHH000412: Hibernate Core {5.2.14.Final}
2018-04-23 15:56:26.784  INFO 2512 --- [restartedMain] org.hibernate.cfg.Environment            : HHH000206: hibernate.properties not found
2018-04-23 15:56:26.865  INFO 2512 --- [restartedMain] o.hibernate.annotations.common.Version   : HCANN000001: Hibernate Commons Annotations {5.0.1.Final}
2018-04-23 15:56:27.568  INFO 2512 --- [restartedMain] org.hibernate.dialect.Dialect            : HHH000400: Using dialect: org.hibernate.dialect.MySQL5Dialect
2018-04-23 15:56:29.243  INFO 2512 --- [restartedMain] j.LocalContainerEntityManagerFactoryBean : Initialized JPA EntityManagerFactory for persistence unit 'default'
2018-04-23 15:56:29.789  INFO 2512 --- [restartedMain] o.h.h.i.QueryTranslatorFactoryInitiator  : HHH000397: Using ASTQueryTranslatorFactory
2018-04-23 15:56:30.319  INFO 2512 --- [restartedMain] s.w.s.m.m.a.RequestMappingHandlerAdapter : Looking for @ControllerAdvice: org.springframework.boot.web.servlet.context.AnnotationConfigServletWebServerApplicationContext@47c4566b: startup date [Mon Apr 23 15:56:23 EDT 2018]; root of context hierarchy
2018-04-23 15:56:30.390  WARN 2512 --- [restartedMain] aWebConfiguration$JpaWebMvcConfiguration : spring.jpa.open-in-view is enabled by default. Therefore, database queries may be performed during view rendering. Explicitly configure spring.jpa.open-in-view to disable this warning
2018-04-23 15:56:30.465  INFO 2512 --- [restartedMain] s.w.s.m.m.a.RequestMappingHandlerMapping : Mapped "{[/certified_fresh_movies],methods=[GET]}" onto public java.lang.String com.peppa.peppamovies.web.controller.MovieController.handleViewCertifiedFreshesMovies()
2018-04-23 15:56:30.470  INFO 2512 --- [restartedMain] s.w.s.m.m.a.RequestMappingHandlerMapping : Mapped "{[/search]}" onto public java.lang.String com.peppa.peppamovies.web.controller.MovieController.handleSearchAction(org.springframework.data.domain.Pageable,java.lang.String,org.springframework.ui.Model,javax.servlet.http.HttpSession)
2018-04-23 15:56:30.470  INFO 2512 --- [restartedMain] s.w.s.m.m.a.RequestMappingHandlerMapping : Mapped "{[/top_box_office],methods=[GET]}" onto public java.lang.String com.peppa.peppamovies.web.controller.MovieController.handleViewTopBoxMovies()
2018-04-23 15:56:30.471  INFO 2512 --- [restartedMain] s.w.s.m.m.a.RequestMappingHandlerMapping : Mapped "{[/movie/{id}],methods=[GET]}" onto public java.lang.String com.peppa.peppamovies.web.controller.MovieController.handleShowMovieInfo(java.lang.Long,org.springframework.ui.Model,javax.servlet.http.HttpSession)
2018-04-23 15:56:30.471  INFO 2512 --- [restartedMain] s.w.s.m.m.a.RequestMappingHandlerMapping : Mapped "{[/comming_soon],methods=[GET]}" onto public java.lang.String com.peppa.peppamovies.web.controller.MovieController.handleViewComingSoonMovies()
2018-04-23 15:56:30.473  INFO 2512 --- [restartedMain] s.w.s.m.m.a.RequestMappingHandlerMapping : Mapped "{[/opening_this_week],methods=[GET]}" onto public java.lang.String com.peppa.peppamovies.web.controller.MovieController.handleViewMoviesOpeningThisWeek()
2018-04-23 15:56:30.478  INFO 2512 --- [restartedMain] s.w.s.m.m.a.RequestMappingHandlerMapping : Mapped "{[/licensing],methods=[GET]}" onto public java.lang.String com.peppa.peppamovies.web.controller.UserController.handleShowLicenseInfo()
2018-04-23 15:56:30.478  INFO 2512 --- [restartedMain] s.w.s.m.m.a.RequestMappingHandlerMapping : Mapped "{[/account_verification/{user_name}/{uu_id}],methods=[GET]}" onto public java.lang.String com.peppa.peppamovies.web.controller.UserController.handleAccountVerification(java.lang.String,java.lang.String)
2018-04-23 15:56:30.479  INFO 2512 --- [restartedMain] s.w.s.m.m.a.RequestMappingHandlerMapping : Mapped "{[/movie/{id}/not_interested],methods=[GET]}" onto public java.lang.String com.peppa.peppamovies.web.controller.UserController.handleNotInterested(javax.servlet.http.HttpSession)
2018-04-23 15:56:30.479  INFO 2512 --- [restartedMain] s.w.s.m.m.a.RequestMappingHandlerMapping : Mapped "{[/profile_summary],methods=[GET]}" onto public java.lang.String com.peppa.peppamovies.web.controller.UserController.handlePersonalProfileSummary()
2018-04-23 15:56:30.480  INFO 2512 --- [restartedMain] s.w.s.m.m.a.RequestMappingHandlerMapping : Mapped "{[/about],methods=[GET]}" onto public java.lang.String com.peppa.peppamovies.web.controller.UserController.handleAboutPeppaTom()
2018-04-23 15:56:30.480  INFO 2512 --- [restartedMain] s.w.s.m.m.a.RequestMappingHandlerMapping : Mapped "{[/my_profile],methods=[GET]}" onto public java.lang.String com.peppa.peppamovies.web.controller.UserController.handleProfileSummaryPage()
2018-04-23 15:56:30.481  INFO 2512 --- [restartedMain] s.w.s.m.m.a.RequestMappingHandlerMapping : Mapped "{[/movie/{id}/post],methods=[POST]}" onto public java.lang.String com.peppa.peppamovies.web.controller.UserController.handlePost(java.lang.String,javax.servlet.http.HttpSession)
2018-04-23 15:56:30.482  INFO 2512 --- [restartedMain] s.w.s.m.m.a.RequestMappingHandlerMapping : Mapped "{[/signup],methods=[POST]}" onto public java.lang.String com.peppa.peppamovies.web.controller.UserController.handleSignUp(java.lang.String,java.lang.String,java.lang.String,java.lang.String,java.lang.String,java.lang.String,javax.servlet.http.HttpServletRequest,javax.servlet.http.HttpSession)
2018-04-23 15:56:30.483  INFO 2512 --- [restartedMain] s.w.s.m.m.a.RequestMappingHandlerMapping : Mapped "{[/login],methods=[POST]}" onto public java.lang.String com.peppa.peppamovies.web.controller.UserController.handleLogin(java.lang.String,java.lang.String,javax.servlet.http.HttpSession,javax.servlet.http.HttpServletRequest)
2018-04-23 15:56:30.483  INFO 2512 --- [restartedMain] s.w.s.m.m.a.RequestMappingHandlerMapping : Mapped "{[/logout],methods=[GET]}" onto public java.lang.String com.peppa.peppamovies.web.controller.UserController.handleLogout(javax.servlet.http.HttpSession,javax.servlet.http.HttpServletRequest)
2018-04-23 15:56:30.484  INFO 2512 --- [restartedMain] s.w.s.m.m.a.RequestMappingHandlerMapping : Mapped "{[/],methods=[GET]}" onto public java.lang.String com.peppa.peppamovies.web.controller.UserController.loginPage()
2018-04-23 15:56:30.484  INFO 2512 --- [restartedMain] s.w.s.m.m.a.RequestMappingHandlerMapping : Mapped "{[/movie/{id}/wants_to_see],methods=[GET]}" onto public java.lang.String com.peppa.peppamovies.web.controller.UserController.handleWantsToSee(javax.servlet.http.HttpSession)
2018-04-23 15:56:30.489  INFO 2512 --- [restartedMain] s.w.s.m.m.a.RequestMappingHandlerMapping : Mapped "{[/error]}" onto public org.springframework.http.ResponseEntity<java.util.Map<java.lang.String, java.lang.Object>> org.springframework.boot.autoconfigure.web.servlet.error.BasicErrorController.error(javax.servlet.http.HttpServletRequest)
2018-04-23 15:56:30.490  INFO 2512 --- [restartedMain] s.w.s.m.m.a.RequestMappingHandlerMapping : Mapped "{[/error],produces=[text/html]}" onto public org.springframework.web.servlet.ModelAndView org.springframework.boot.autoconfigure.web.servlet.error.BasicErrorController.errorHtml(javax.servlet.http.HttpServletRequest,javax.servlet.http.HttpServletResponse)
2018-04-23 15:56:30.554  INFO 2512 --- [restartedMain] o.s.w.s.handler.SimpleUrlHandlerMapping  : Mapped URL path [/webjars/**] onto handler of type [class org.springframework.web.servlet.resource.ResourceHttpRequestHandler]
2018-04-23 15:56:30.555  INFO 2512 --- [restartedMain] o.s.w.s.handler.SimpleUrlHandlerMapping  : Mapped URL path [/**] onto handler of type [class org.springframework.web.servlet.resource.ResourceHttpRequestHandler]
2018-04-23 15:56:30.608  INFO 2512 --- [restartedMain] o.s.w.s.handler.SimpleUrlHandlerMapping  : Mapped URL path [/**/favicon.ico] onto handler of type [class org.springframework.web.servlet.resource.ResourceHttpRequestHandler]
2018-04-23 15:56:30.710  INFO 2512 --- [restartedMain] o.s.b.a.w.s.WelcomePageHandlerMapping    : Adding welcome page template: index
2018-04-23 15:56:31.690  INFO 2512 --- [restartedMain] o.s.b.d.a.OptionalLiveReloadServer       : LiveReload server is running on port 35729
2018-04-23 15:56:31.754  INFO 2512 --- [restartedMain] o.s.j.e.a.AnnotationMBeanExporter        : Registering beans for JMX exposure on startup
2018-04-23 15:56:31.756  INFO 2512 --- [restartedMain] o.s.j.e.a.AnnotationMBeanExporter        : Bean with name 'dataSource' has been autodetected for JMX exposure
2018-04-23 15:56:31.762  INFO 2512 --- [restartedMain] o.s.j.e.a.AnnotationMBeanExporter        : Located MBean 'dataSource': registering with JMX server as MBean [com.zaxxer.hikari:name=dataSource,type=HikariDataSource]
2018-04-23 15:56:31.810  INFO 2512 --- [restartedMain] o.s.b.w.embedded.tomcat.TomcatWebServer  : Tomcat started on port(s): 8080 (http) with context path ''
2018-04-23 15:56:31.814  INFO 2512 --- [restartedMain] c.p.peppamovies.PeppamoviesApplication   : Started PeppamoviesApplication in 9.102 seconds (JVM running for 10.944)
2018-04-23 15:57:55.622  INFO 2512 --- [http-nio-8080-exec-1] o.a.c.c.C.[Tomcat].[localhost].[/]       : Initializing Spring FrameworkServlet 'dispatcherServlet'
2018-04-23 15:57:55.623  INFO 2512 --- [http-nio-8080-exec-1] o.s.web.servlet.DispatcherServlet        : FrameworkServlet 'dispatcherServlet': initialization started
2018-04-23 15:57:55.643  INFO 2512 --- [http-nio-8080-exec-1] o.s.web.servlet.DispatcherServlet        : FrameworkServlet 'dispatcherServlet': initialization completed in 20 ms
